TN:
SF:H:\work\git\dom-toolkit\test\index.js
FNF:0
FNH:0
DA:4,1
DA:6,1
DA:7,1
DA:8,1
DA:9,1
DA:11,1
DA:12,1
DA:14,1
DA:15,1
LF:9
LH:9
BRF:0
BRH:0
end_of_record
TN:
SF:H:\work\git\dom-toolkit\src\env.js
FNF:0
FNH:0
DA:2,1
DA:3,1
DA:5,1
DA:6,1
LF:4
LH:4
BRDA:2,1,0,1
BRDA:2,1,1,1
BRDA:5,2,0,1
BRDA:5,2,1,1
BRDA:6,3,0,1
BRDA:6,3,1,1
BRF:6
BRH:6
end_of_record
TN:
SF:H:\work\git\dom-toolkit\src\index.js
FN:10,
FN:36,
FN:52,
FN:67,
FN:78,
FN:92,
FN:103,
FN:118,
FN:134,
FN:146,
FN:158,
FN:176,
FN:192,
FN:210,
FN:235,
FN:263,
FN:275,
FN:290,
FN:312,
FN:316,
FN:322,
FN:340,
FN:352,
FNF:23
FNH:1
FNDA:2,
FNDA:0,
FNDA:0,
FNDA:0,
FNDA:0,
FNDA:0,
FNDA:0,
FNDA:0,
FNDA:0,
FNDA:0,
FNDA:0,
FNDA:0,
FNDA:0,
FNDA:0,
FNDA:0,
FNDA:0,
FNDA:0,
FNDA:0,
FNDA:0,
FNDA:0,
FNDA:0,
FNDA:0,
FNDA:0,
DA:11,2
DA:12,2
DA:13,2
DA:14,2
DA:16,1
DA:21,2
DA:37,0
DA:38,0
DA:39,0
DA:40,0
DA:41,0
DA:42,0
DA:53,0
DA:54,0
DA:55,0
DA:57,0
DA:68,0
DA:79,0
DA:80,0
DA:82,0
DA:93,0
DA:104,0
DA:105,0
DA:107,0
DA:119,0
DA:120,0
DA:121,0
DA:135,0
DA:147,0
DA:159,0
DA:160,0
DA:161,0
DA:163,0
DA:178,0
DA:179,0
DA:181,0
DA:193,0
DA:194,0
DA:196,0
DA:197,0
DA:198,0
DA:211,0
DA:212,0
DA:214,0
DA:215,0
DA:216,0
DA:217,0
DA:219,0
DA:221,0
DA:222,0
DA:239,0
DA:240,0
DA:242,0
DA:243,0
DA:244,0
DA:245,0
DA:246,0
DA:248,0
DA:250,0
DA:253,0
DA:266,0
DA:267,0
DA:269,0
DA:270,0
DA:276,0
DA:277,0
DA:278,0
DA:292,0
DA:293,0
DA:294,0
DA:295,0
DA:297,0
DA:313,0
DA:314,0
DA:315,0
DA:316,0
DA:317,0
DA:318,0
DA:319,0
DA:320,0
DA:323,0
DA:324,0
DA:325,0
DA:326,0
DA:328,0
DA:341,0
DA:353,0
DA:354,0
DA:356,0
DA:357,0
DA:358,0
LF:91
LH:6
BRDA:11,1,0,2
BRDA:11,1,1,0
BRDA:14,2,0,1
BRDA:14,2,1,1
BRDA:16,3,0,1
BRDA:16,3,1,1
BRDA:37,4,0,0
BRDA:37,4,1,0
BRDA:40,5,0,0
BRDA:40,5,1,0
BRDA:40,6,0,0
BRDA:40,6,1,0
BRDA:42,7,0,0
BRDA:42,7,1,0
BRDA:42,8,0,0
BRDA:42,8,1,0
BRDA:54,9,0,0
BRDA:54,9,1,0
BRDA:79,10,0,0
BRDA:79,10,1,0
BRDA:104,11,0,0
BRDA:104,11,1,0
BRDA:120,12,0,0
BRDA:120,12,1,0
BRDA:160,13,0,0
BRDA:160,13,1,0
BRDA:161,14,0,0
BRDA:161,14,1,0
BRDA:178,15,0,0
BRDA:178,15,1,0
BRDA:178,16,0,0
BRDA:178,16,1,0
BRDA:193,17,0,0
BRDA:193,17,1,0
BRDA:197,18,0,0
BRDA:197,18,1,0
BRDA:211,19,0,0
BRDA:211,19,1,0
BRDA:221,20,0,0
BRDA:221,20,1,0
BRDA:239,21,0,0
BRDA:239,21,1,0
BRDA:242,22,0,0
BRDA:242,22,1,0
BRDA:244,23,0,0
BRDA:244,23,1,0
BRDA:276,24,0,0
BRDA:276,24,1,0
BRDA:277,25,0,0
BRDA:277,25,1,0
BRDA:277,26,0,0
BRDA:277,26,1,0
BRDA:317,27,0,0
BRDA:317,27,1,0
BRDA:324,28,0,0
BRDA:324,28,1,0
BRDA:324,29,0,0
BRDA:324,29,1,0
BRDA:328,30,0,0
BRDA:328,30,1,0
BRDA:341,31,0,0
BRDA:341,31,1,0
BRDA:353,32,0,0
BRDA:353,32,1,0
BRF:64
BRH:5
end_of_record
TN:
SF:H:\work\git\dom-toolkit\test\index.spec.js
FN:3,
FN:5,
FN:11,
FN:15,
FN:19,
FNF:5
FNH:5
FNDA:1,
FNDA:2,
FNDA:2,
FNDA:1,
FNDA:1,
DA:3,1
DA:5,1
DA:6,2
DA:7,2
DA:8,2
DA:11,1
DA:12,2
DA:15,1
DA:16,1
DA:17,1
DA:19,1
DA:20,1
DA:21,1
LF:13
LH:13
BRF:0
BRH:0
end_of_record
